Command line:
   StreamInputHandler_ReferenceReader_Engine_Interface_tb_isim_beh.exe
     -simmode  gui
     -simrunnum  0
     -socket  46526

Thu Jul 11 15:57:38 2013


 Elaboration Time: 0.11 sec

 Current Memory Usage: 204.575 Meg

 Total Signals          : 2609
 Total Nets             : 18301
 Total Signal Drivers   : 688
 Total Blocks           : 90
 Total Primitive Blocks : 58
 Total Processes        : 925
 Total Traceable Variables  : 2934
 Total Scalar Nets and Variables : 462647
Total Line Count : 3920

 Total Simulation Time: 0.18 sec

 Current Memory Usage: 280.076 Meg

Thu Jul 11 16:15:25 2013

