Command line:
   StreamInputHandler_tb_isim_beh.exe
     -simmode  gui
     -simrunnum  0
     -socket  57597

Tue Jul  9 18:46:57 2013


 Elaboration Time: 0.03 sec

 Current Memory Usage: 185.532 Meg

 Total Signals          : 579
 Total Nets             : 3422
 Total Signal Drivers   : 134
 Total Blocks           : 25
 Total Primitive Blocks : 18
 Total Processes        : 199
 Total Traceable Variables  : 623
 Total Scalar Nets and Variables : 26636
Total Line Count : 1367

 Total Simulation Time: 0.12 sec

 Current Memory Usage: 261.034 Meg

Tue Jul  9 18:52:48 2013

