Command line:
   Engine_tb_isim_beh.exe
     -simmode  gui
     -simrunnum  0
     -socket  60395

Mon Jul  8 18:15:57 2013


 Elaboration Time: 0.06 sec

 Current Memory Usage: 192.111 Meg

 Total Signals          : 1459
 Total Nets             : 8079
 Total Signal Drivers   : 444
 Total Blocks           : 56
 Total Primitive Blocks : 38
 Total Processes        : 569
 Total Traceable Variables  : 1798
 Total Scalar Nets and Variables : 393855
Total Line Count : 2574

 Total Simulation Time: 0.1 sec

 Current Memory Usage: 267.612 Meg

Mon Jul  8 18:16:06 2013

