Command line:
   SmithWatermanArray_ReferenceBlocks_tb_isim_beh.exe
     -simmode  gui
     -simrunnum  0
     -socket  33603

Tue Jun 11 16:25:12 2013


 Elaboration Time: 0.09 sec

 Current Memory Usage: 196.85 Meg

 Total Signals          : 3230
 Total Nets             : 13587
 Total Signal Drivers   : 726
 Total Blocks           : 53
 Total Primitive Blocks : 26
 Total Processes        : 990
 Total Traceable Variables  : 3142
 Total Scalar Nets and Variables : 210061
Total Line Count : 2887

 Total Simulation Time: 0.13 sec

 Current Memory Usage: 272.351 Meg

Tue Jun 11 16:25:18 2013

