Command line:
   Engine_tb_isim_beh.exe
     -simmode  gui
     -simrunnum  0
     -socket  57991

Wed Jul 31 13:59:49 2013


 Elaboration Time: 0.12 sec

 Current Memory Usage: 205.197 Meg

 Total Signals          : 3171
 Total Nets             : 18633
 Total Signal Drivers   : 827
 Total Blocks           : 111
 Total Primitive Blocks : 75
 Total Processes        : 1139
 Total Traceable Variables  : 3536
 Total Scalar Nets and Variables : 491599
Total Line Count : 5183

 Total Simulation Time: 0.22 sec

 Current Memory Usage: 280.699 Meg

Wed Jul 31 14:01:03 2013

