WARNING:sim:991 - The project IP instance 'coregen_fifo_32x128' for IP 'Fifo
   Generator v8.1' was generated with a different version of the IP than is
   currently in the IP Catalog. It was originally generated using IP with the
   packaged timestamp '2011-06-21+06:40'; the IP in the current catalog has a
   different packaged timestamp '2013-03-27+03:07'. This mismatch is due to
   changes made to the IP in the user repositories. It may affect some
   functionality of the IP, if there are differences between these two versions
   of the IP.
INFO:sim:172 - Generating IP...
Applying current project options...
Finished applying current project options.
Resolving generics for 'coregen_fifo_32x128'...
WARNING:sim - A core named 'coregen_fifo_32x128' already exists in the project.
   Output products for this core may be overwritten.
Applying external generics to 'coregen_fifo_32x128'...
Delivering associated files for 'coregen_fifo_32x128'...
Delivering EJava files for 'coregen_fifo_32x128'...
Generating implementation netlist for 'coregen_fifo_32x128'...
INFO:sim - Pre-processing HDL files for 'coregen_fifo_32x128'...
Running synthesis for 'coregen_fifo_32x128'
Running ngcbuild...
Writing VEO instantiation template for 'coregen_fifo_32x128'...
Writing Verilog behavioral simulation model for 'coregen_fifo_32x128'...
Delivered 4 files into directory
/home/albertng/Documents/SmithWaterman/samples/StreamLoopback128/firmware/ISE_m5
05lx325/source/tmp/_cg/coregen_fifo_32x128
Generating ASY schematic symbol...
INFO:sim:949 - Finished generation of ASY schematic symbol.
Generating SYM schematic symbol for 'coregen_fifo_32x128'...
Generating metadata file...
Generating ISE project...
XCO file found: coregen_fifo_32x128.xco
XMDF file found: coregen_fifo_32x128_xmdf.tcl
Adding
/home/albertng/Documents/SmithWaterman/samples/StreamLoopback128/firmware/ISE_m5
05lx325/source/tmp/_cg/coregen_fifo_32x128.asy -view all -origin_type imported
Adding
/home/albertng/Documents/SmithWaterman/samples/StreamLoopback128/firmware/ISE_m5
05lx325/source/tmp/_cg/coregen_fifo_32x128.ngc -view all -origin_type created
Checking file
"/home/albertng/Documents/SmithWaterman/samples/StreamLoopback128/firmware/ISE_m
505lx325/source/tmp/_cg/coregen_fifo_32x128.ngc" for project device match ...
File
"/home/albertng/Documents/SmithWaterman/samples/StreamLoopback128/firmware/ISE_m
505lx325/source/tmp/_cg/coregen_fifo_32x128.ngc" device information matches
project device.
Adding
/home/albertng/Documents/SmithWaterman/samples/StreamLoopback128/firmware/ISE_m5
05lx325/source/tmp/_cg/coregen_fifo_32x128.sym -view all -origin_type imported
Adding
/home/albertng/Documents/SmithWaterman/samples/StreamLoopback128/firmware/ISE_m5
05lx325/source/tmp/_cg/coregen_fifo_32x128.v -view all -origin_type created
INFO:HDLCompiler:1845 - Analyzing Verilog file
   "/home/albertng/Documents/SmithWaterman/samples/StreamLoopback128/firmware/IS
   E_m505lx325/source/tmp/_cg/coregen_fifo_32x128.v" into library work
INFO:ProjectMgmt - Parsing design hierarchy completed successfully.
Adding
/home/albertng/Documents/SmithWaterman/samples/StreamLoopback128/firmware/ISE_m5
05lx325/source/tmp/_cg/coregen_fifo_32x128.veo -view all -origin_type imported
Adding
/home/albertng/Documents/SmithWaterman/samples/StreamLoopback128/firmware/ISE_m5
05lx325/source/tmp/_cg/fifo_generator_readme.txt -view all -origin_type imported
INFO:TclTasksC:2116 - The automatic calculation of top has been turned-off.
   Please set the new top explicitly by running the "project set top" command.
   To re-calculate the new top automatically, set the "Auto Implementation Top"
   property to true.
Top level has been set to "/coregen_fifo_32x128"
Generating README file...
Generating FLIST file...
INFO:sim:948 - Finished FLIST file generation.
Moving files to output directory...
Finished moving files to output directory
Wrote CGP file for project 'coregen_fifo_32x128'.
