Command line:
   SmithWatermanArray_QueryBlocks_tb_isim_beh.exe
     -simmode  gui
     -simrunnum  0
     -socket  57590

Mon Jul  8 18:16:21 2013


 Elaboration Time: 0.09 sec

 Current Memory Usage: 197.153 Meg

 Total Signals          : 3273
 Total Nets             : 13763
 Total Signal Drivers   : 743
 Total Blocks           : 55
 Total Primitive Blocks : 28
 Total Processes        : 1010
 Total Traceable Variables  : 3186
 Total Scalar Nets and Variables : 213289
Total Line Count : 3230

 Total Simulation Time: 0.15 sec

 Current Memory Usage: 272.654 Meg

Mon Jul  8 18:16:33 2013

