INFO:sim:172 - Generating IP...
Applying current project options...
Finished applying current project options.
WARNING:sim - A core named 'cellscorefilter_fifo' already exists in the project.
   Output products for this core may be overwritten.
Resolving generics for 'cellscorefilter_fifo'...
WARNING:sim - A core named 'cellscorefilter_fifo' already exists in the project.
   Output products for this core may be overwritten.
Applying external generics to 'cellscorefilter_fifo'...
Delivering associated files for 'cellscorefilter_fifo'...
Delivering EJava files for 'cellscorefilter_fifo'...
Generating implementation netlist for 'cellscorefilter_fifo'...
INFO:sim - Pre-processing HDL files for 'cellscorefilter_fifo'...
WARNING:sim - BlackBox generator run option '-ifmt' found multiple times. Only
   the first occurence is considered.
Running synthesis for 'cellscorefilter_fifo'
Running ngcbuild...
Writing VEO instantiation template for 'cellscorefilter_fifo'...
Writing Verilog behavioral simulation model for 'cellscorefilter_fifo'...
WARNING:sim - Overwriting existing file
   /media/sf_SmithWaterman/SmithWaterman/firmware/ISE_m505lx325/ipcore_dir/tmp/_
   cg/cellscorefilter_fifo/doc/fifo_generator_v9_3_vinfo.html with file from
   view xilinx_documentation
Delivered 3 files into directory
/media/sf_SmithWaterman/SmithWaterman/firmware/ISE_m505lx325/ipcore_dir/tmp/_cg/
cellscorefilter_fifo
Delivered 1 file into directory
/media/sf_SmithWaterman/SmithWaterman/firmware/ISE_m505lx325/ipcore_dir/tmp/_cg/
cellscorefilter_fifo
Generating ASY schematic symbol...
INFO:sim:949 - Finished generation of ASY schematic symbol.
Generating SYM schematic symbol for 'cellscorefilter_fifo'...
Generating metadata file...
Regenerating ISE project file for 'cellscorefilter_fifo'...
Generating ISE project...
XCO file found: cellscorefilter_fifo.xco
XMDF file found: cellscorefilter_fifo_xmdf.tcl
Adding
/media/sf_SmithWaterman/SmithWaterman/firmware/ISE_m505lx325/ipcore_dir/tmp/_cg/
cellscorefilter_fifo.asy -view all -origin_type imported
Adding
/media/sf_SmithWaterman/SmithWaterman/firmware/ISE_m505lx325/ipcore_dir/tmp/_cg/
cellscorefilter_fifo.ngc -view all -origin_type created
Checking file
"/media/sf_SmithWaterman/SmithWaterman/firmware/ISE_m505lx325/ipcore_dir/tmp/_cg
/cellscorefilter_fifo.ngc" for project device match ...
File
"/media/sf_SmithWaterman/SmithWaterman/firmware/ISE_m505lx325/ipcore_dir/tmp/_cg
/cellscorefilter_fifo.ngc" device information matches project device.
Adding
/media/sf_SmithWaterman/SmithWaterman/firmware/ISE_m505lx325/ipcore_dir/tmp/_cg/
cellscorefilter_fifo.sym -view all -origin_type imported
Adding
/media/sf_SmithWaterman/SmithWaterman/firmware/ISE_m505lx325/ipcore_dir/tmp/_cg/
cellscorefilter_fifo.v -view all -origin_type created
INFO:HDLCompiler:1845 - Analyzing Verilog file
   "/media/sf_SmithWaterman/SmithWaterman/firmware/ISE_m505lx325/ipcore_dir/tmp/
   _cg/cellscorefilter_fifo.v" into library work
INFO:ProjectMgmt - Parsing design hierarchy completed successfully.
Adding
/media/sf_SmithWaterman/SmithWaterman/firmware/ISE_m505lx325/ipcore_dir/tmp/_cg/
cellscorefilter_fifo.veo -view all -origin_type imported
INFO:TclTasksC:2116 - The automatic calculation of top has been turned-off.
   Please set the new top explicitly by running the "project set top" command.
   To re-calculate the new top automatically, set the "Auto Implementation Top"
   property to true.
Top level has been set to "/cellscorefilter_fifo"
Generating README file...
Generating FLIST file...
INFO:sim:948 - Finished FLIST file generation.
Launching README viewer...
Moving files to output directory...
Finished moving files to output directory
Wrote CGP file for project 'cellscorefilter_fifo'.
