ISim log file
Running: /afs/cs.stanford.edu/group/evodevo/u/albertng/SmithWaterman/SmithWaterman/firmware/ISE_m505lx325/SmithWatermanArray_QueryBlocks_tb_isim_beh.exe -intstyle ise -gui -tclbatch isim.cmd -wdb /afs/cs.stanford.edu/group/evodevo/u/albertng/SmithWaterman/SmithWaterman/firmware/ISE_m505lx325/SmithWatermanArray_QueryBlocks_tb_isim_beh.wdb 
ISim P.58f (signature 0xfbc00daa)
WARNING: A WEBPACK license was found.
WARNING: Please use Xilinx License Configuration Manager to check out a full ISim license.
WARNING: ISim will run in Lite mode. Please refer to the ISim documentation for more information on the differences between the Lite and the Full version.
This is a Lite version of ISim.
Time resolution is 1 ps
# onerror resume
# wave add /
# run 1000 ns
Simulator is doing circuit initialization process.
Consecutive alignments w/ bubbles test
Finished circuit initialization process.
  10    0    0    0    0    0
   8    8    0    0    0    0
  10   20   10    0    0    0
   8   18   18    8    0    0
  10   17   30   20    7    0
   8   16   28   28   18   10
   7   20   27   28   27   17
  10   18   26   26   26   28
   0   17   25   37   26   26
   0    0   28   35   35   36
   0    0    0   34   47   34
   0    0    0    0   45   45
   0    0    0    0    0   57
   0   10   10    0    0    0
  10    8    8    8    0    0
   8    8   20    8    7    0
   7    8   18   18   18    6
   6   18   18   30   17   16
   5   16   16   28   28   16
   0   15   16   27   28   27
   0    0   26   26   38   26
   0    0    0   25   36   36
   0    0    0    0   35   48
   0    0    0    0    0   46
Consecutive alignments w/o bubbles test
   0    0    0    0    0    0
   0    0    0    0    0    0
   0   10   10    0    0    0
  10    8    8    8    0    0
   8    8   20    8    7    0
   7    8   18   18   18    6
   6   18   18   30   17   16
   5   16   16   28   28   16
   4   15   16   27   28   27
  10   14   26   26   38   26
   8   13   24   25   36   36
   7   20   23   24   35   48
   0   18   22   34   34   46
  10    0   21   32   33   45
   8    8    0   31   44   44
  10   20   10    0   42   43
   8   18   18    8    0   54
  10   17   30   20    7    0
   8   16   28   28   18   10
   7   20   27   28   27   17
  10   18   26   26   26   28
   8   17   25   37   26   26
   7   16   28   35   35   36
   6   15   26   34   47   34
   5   17   25   33   45   45
   0   15   24   32   44   57
   0    0   23   35   43   55
   0    0    0   33   42   54
   0    0    0    0   45   53
   0    0    0    0    0   52
  10    0    0
   8    8    0
  10   20   10
   8   18   18
  10   17   30
   8   16   28
   7   20   27
  10   18   26
   0   17   25
   8    0   28
  20    7    0
  28   18   10
  28   27   17
  26   26   28
  37   26   26
  35   35   36
  34   47   34
   0   45   45
   0    0   57
# run all
Stopped at time : 1030 ns : File "/afs/cs.stanford.edu/group/evodevo/u/albertng/SmithWaterman/SmithWaterman/firmware/SmithWatermanArray_QueryBlocks_tb.v" Line 832
# exit 0
