Release 14.5 Map P.58f (lin64)
Xilinx Mapping Report File for Design 'Pico_Toplevel'

Design Information
------------------
Command Line   : map -intstyle ise -p xc7k325t-ffg900-2 -w -logic_opt on -ol
high -t 1 -xt 0 -register_duplication on -r 4 -mt off -ir off
-ignore_keep_hierarchy -pr off -lc off -power off -o Pico_Toplevel_map.ncd
Pico_Toplevel.ngd Pico_Toplevel.pcf 
Target Device  : xc7k325t
Target Package : ffg900
Target Speed   : -2
Mapper Version : kintex7 -- $Revision: 1.55 $
Mapped Date    : Mon Apr 29 10:30:38 2013

Design Summary
--------------
Number of errors   :   1
Number of warnings :   0

Section 1 - Errors
------------------
ERROR:Security:12 - No 'xc7k325t' feature version 2013.03 was available (-5),
ERROR:Map:258 - A problem was encountered attempting to get the license for this
   architecture. 

Section 2 - Warnings
--------------------
WARNING:Security:9b - No 'ISE' feature version 2013.03 was available for part
'xc7k325t'.

Section 3 - Informational
-------------------------
INFO:Security:56 - Part 'xc7k325t' is not a WebPack part.
INFO:Security:61 - The XILINXD_LICENSE_FILE environment variable is not set.
INFO:Security:63 - The LM_LICENSE_FILE environment variable is not set.
INFO:Security:68 - For more information or for assistance in obtaining 
INFO:Security:68a - user is albertng, on host unknown.
