Command line:
   SmithWatermanArray_tb_isim_beh.exe
     -simmode  gui
     -simrunnum  0
     -socket  39378

Wed Jun  5 17:05:57 2013


 Elaboration Time: 0.04 sec

 Current Memory Usage: 187.9 Meg

 Total Signals          : 1225
 Total Nets             : 5151
 Total Signal Drivers   : 347
 Total Blocks           : 25
 Total Primitive Blocks : 14
 Total Processes        : 466
 Total Traceable Variables  : 1233
 Total Scalar Nets and Variables : 76397
Total Line Count : 1975

 Total Simulation Time: 0.09 sec

 Current Memory Usage: 263.401 Meg

Wed Jun  5 17:06:04 2013

