Command line:
   StreamInputHandler_Engine_Interface_tb_isim_beh.exe
     -simmode  gui
     -simrunnum  0
     -socket  59020

Tue Jul 16 17:42:42 2013


 Elaboration Time: 0.1 sec

 Current Memory Usage: 196.633 Meg

 Total Signals          : 2064
 Total Nets             : 11389
 Total Signal Drivers   : 573
 Total Blocks           : 80
 Total Primitive Blocks : 55
 Total Processes        : 763
 Total Traceable Variables  : 2403
 Total Scalar Nets and Variables : 417891
Total Line Count : 3438

 Total Simulation Time: 0.19 sec

 Current Memory Usage: 272.134 Meg

Tue Jul 16 17:42:51 2013

