Command line:
   CellScoreFilter_tb_isim_beh.exe
     -simmode  gui
     -simrunnum  0
     -socket  49809

Mon Jul 29 18:54:31 2013


 Elaboration Time: 0.03 sec

 Current Memory Usage: 185.106 Meg

 Total Signals          : 584
 Total Nets             : 2889
 Total Signal Drivers   : 143
 Total Blocks           : 25
 Total Primitive Blocks : 18
 Total Processes        : 221
 Total Traceable Variables  : 639
 Total Scalar Nets and Variables : 45134
Total Line Count : 1892

 Total Simulation Time: 0.14 sec

 Current Memory Usage: 260.608 Meg

Mon Jul 29 19:00:07 2013

