Command line:
   AXIArbiter_tb_isim_beh.exe
     -simmode  gui
     -simrunnum  0
     -socket  59452

Fri Jul 12 19:53:58 2013


 Elaboration Time: 0.02 sec

 Current Memory Usage: 185.086 Meg

 Total Signals          : 141
 Total Nets             : 3109
 Total Signal Drivers   : 97
 Total Blocks           : 4
 Total Primitive Blocks : 3
 Total Processes        : 110
 Total Traceable Variables  : 97
 Total Scalar Nets and Variables : 5903
Total Line Count : 1767

 Total Simulation Time: 0.16 sec

 Current Memory Usage: 260.588 Meg

Fri Jul 12 19:55:44 2013

